<?xml version="1.0" encoding="UTF-8"?>
<!-- Generated by org.testng.reporters.JUnitReportReporter -->
<testsuite hostname="REM-LT-230517A" failures="0" tests="1" name="com.unosquare.APITestFirstPullURL2_1" time="3.003" errors="0" timestamp="2023-06-14T16:40:18 CST" skipped="0">
  <testcase classname="com.unosquare.APITestFirstPullURL2_1" name="f" time="3.003">
    <system-out>
      <![CDATA[Success 200 code validation
{
    "data": {
        "id": 2,
        "name": "fuchsia rose",
        "year": 2001,
        "color": "#C74375",
        "pantone_value": "17-2031"
    },
    "support": {
        "url": "https://reqres.in/#support-heading",
        "text": "To keep ReqRes free, contributions towards server costs are appreciated!"
    }
}]]>
    </system-out>
  </testcase> <!-- f -->
  <system-out>
    <![CDATA[Success 200 code validation
{
    "data": {
        "id": 2,
        "name": "fuchsia rose",
        "year": 2001,
        "color": "#C74375",
        "pantone_value": "17-2031"
    },
    "support": {
        "url": "https://reqres.in/#support-heading",
        "text": "To keep ReqRes free, contributions towards server costs are appreciated!"
    }
}]]>
  </system-out>
</testsuite> <!-- com.unosquare.APITestFirstPullURL2_1 -->
